<?xml version="1.0" encoding="UTF-8"?>
<testsuite name="nl.fontys.s3.daclothes.business.impl.cart.GetTotalPriceUseCaseImplTest" tests="2" skipped="0" failures="0" errors="0" timestamp="2024-01-22T23:42:07" hostname="Rodrigos-MBP.home" time="0.005">
  <properties/>
  <testcase name="testTotalPrice()" classname="nl.fontys.s3.daclothes.business.impl.cart.GetTotalPriceUseCaseImplTest" time="0.002"/>
  <testcase name="testTotalPrice_userIsNotLoggedIn()" classname="nl.fontys.s3.daclothes.business.impl.cart.GetTotalPriceUseCaseImplTest" time="0.002"/>
  <system-out><![CDATA[]]></system-out>
  <system-err><![CDATA[]]></system-err>
</testsuite>
