<?xml version="1.0" encoding="UTF-8"?>
<testsuite name="nl.fontys.s3.daclothes.business.impl.product.GetProductsByOrderIdUseCaseImplTest" tests="2" skipped="0" failures="0" errors="0" timestamp="2024-01-22T23:42:07" hostname="Rodrigos-MBP.home" time="0.003">
  <properties/>
  <testcase name="testGetProductsByOrderId()" classname="nl.fontys.s3.daclothes.business.impl.product.GetProductsByOrderIdUseCaseImplTest" time="0.002"/>
  <testcase name="testGetProductsByOrderId_throwsError()" classname="nl.fontys.s3.daclothes.business.impl.product.GetProductsByOrderIdUseCaseImplTest" time="0.001"/>
  <system-out><![CDATA[]]></system-out>
  <system-err><![CDATA[]]></system-err>
</testsuite>
