<?xml version="1.0" encoding="UTF-8"?>
<testsuite name="nl.fontys.s3.daclothes.business.impl.product.DeleteProductUseCaseImplTest" tests="4" skipped="0" failures="0" errors="0" timestamp="2024-01-22T23:42:07" hostname="Rodrigos-MBP.home" time="0.006">
  <properties/>
  <testcase name="deleteProductWithMockito()" classname="nl.fontys.s3.daclothes.business.impl.product.DeleteProductUseCaseImplTest" time="0.001"/>
  <testcase name="deleteProductThrowsUnauthorizedDataAccessException()" classname="nl.fontys.s3.daclothes.business.impl.product.DeleteProductUseCaseImplTest" time="0.003"/>
  <testcase name="deleteProductThrowsUserNotfoundError()" classname="nl.fontys.s3.daclothes.business.impl.product.DeleteProductUseCaseImplTest" time="0.001"/>
  <testcase name="deleteProductThrowsProductNotFoundError()" classname="nl.fontys.s3.daclothes.business.impl.product.DeleteProductUseCaseImplTest" time="0.001"/>
  <system-out><![CDATA[]]></system-out>
  <system-err><![CDATA[]]></system-err>
</testsuite>
