<?xml version="1.0" encoding="UTF-8"?>
<testsuite name="nl.fontys.s3.daclothes.business.impl.order.CreateOrderUseCaseImplTest" tests="4" skipped="0" failures="0" errors="0" timestamp="2024-01-22T23:42:07" hostname="Rodrigos-MBP.home" time="0.01">
  <properties/>
  <testcase name="testCreateOrder_ThrowsError()" classname="nl.fontys.s3.daclothes.business.impl.order.CreateOrderUseCaseImplTest" time="0.002"/>
  <testcase name="testCreateOrder_ThrowsError2()" classname="nl.fontys.s3.daclothes.business.impl.order.CreateOrderUseCaseImplTest" time="0.001"/>
  <testcase name="testCreateOrder_ThrowsError3()" classname="nl.fontys.s3.daclothes.business.impl.order.CreateOrderUseCaseImplTest" time="0.002"/>
  <testcase name="testCreateOrder_ThrowsError4()" classname="nl.fontys.s3.daclothes.business.impl.order.CreateOrderUseCaseImplTest" time="0.002"/>
  <system-out><![CDATA[]]></system-out>
  <system-err><![CDATA[]]></system-err>
</testsuite>
