<?xml version="1.0" encoding="UTF-8"?>
<testsuite name="nl.fontys.s3.daclothes.business.impl.cart.GetCartContentUseCaseImplTest" tests="2" skipped="0" failures="0" errors="0" timestamp="2024-01-22T23:42:07" hostname="Rodrigos-MBP.home" time="0.015">
  <properties/>
  <testcase name="testGetCartContentThrowsUserNotFoundException()" classname="nl.fontys.s3.daclothes.business.impl.cart.GetCartContentUseCaseImplTest" time="0.011"/>
  <testcase name="testGetCartContent()" classname="nl.fontys.s3.daclothes.business.impl.cart.GetCartContentUseCaseImplTest" time="0.003"/>
  <system-out><![CDATA[]]></system-out>
  <system-err><![CDATA[]]></system-err>
</testsuite>
